{
  "RSpec": {
    "coverage": {
      "/Users/kanokphanthananchai/Documents/Code/SOA/meal-decoder/meal-decoder-api/spec/helpers/vcr_helper.rb": {
        "lines": [
          null,
          null,
          1,
          1,
          null,
          null,
          1,
          1,
          1,
          1,
          null,
          null,
          null,
          1,
          1,
          null,
          1,
          16,
          16,
          null,
          null,
          1,
          16,
          16,
          16,
          null,
          null,
          null,
          1,
          null,
          1,
          16,
          16,
          16,
          null,
          null,
          null,
          1,
          21,
          21,
          null,
          null,
          null,
          1,
          21,
          null,
          null,
          1,
          21,
          21,
          null,
          null,
          1,
          21,
          310,
          null,
          null,
          null,
          1,
          21,
          null,
          null,
          null,
          null,
          1,
          1,
          null,
          1,
          null,
          21,
          null,
          null,
          null,
          1,
          null,
          21,
          null,
          null,
          null,
          null,
          null
        ]
      },
      "/Users/kanokphanthananchai/Documents/Code/SOA/meal-decoder/meal-decoder-api/spec/helpers/database_helper.rb": {
        "lines": [
          null,
          null,
          null,
          1,
          1,
          null,
          27,
          27,
          27,
          27,
          27,
          null,
          null
        ]
      },
      "/Users/kanokphanthananchai/Documents/Code/SOA/meal-decoder/meal-decoder-api/require_app.rb": {
        "lines": [
          null,
          null,
          1,
          5,
          1,
          null,
          1,
          40,
          null,
          null
        ]
      },
      "/Users/kanokphanthananchai/Documents/Code/SOA/meal-decoder/meal-decoder-api/config/environment.rb": {
        "lines": [
          null,
          null,
          1,
          1,
          1,
          1,
          1,
          1,
          1,
          null,
          1,
          null,
          1,
          null,
          1,
          1,
          null,
          null,
          null,
          1,
          null,
          1,
          null,
          1,
          1,
          1,
          1,
          1,
          1,
          null,
          null,
          null,
          null,
          null,
          null,
          1,
          0,
          null,
          1,
          null,
          null,
          1,
          1,
          null,
          null,
          1,
          1,
          1,
          null,
          null,
          null,
          null,
          null,
          1,
          1,
          null,
          1,
          1,
          1,
          null,
          null,
          1,
          null,
          null,
          null,
          null,
          1,
          1,
          null,
          null,
          1,
          0,
          0,
          null,
          null,
          0,
          null,
          0,
          null,
          null,
          null
        ]
      },
      "/Users/kanokphanthananchai/Documents/Code/SOA/meal-decoder/meal-decoder-api/app/domain/entities/dish.rb": {
        "lines": [
          null,
          null,
          1,
          1,
          null,
          null,
          1,
          1,
          null,
          null,
          1,
          1,
          null,
          1,
          1,
          1,
          null,
          1,
          0,
          null,
          null,
          1,
          0,
          0,
          0,
          0,
          null,
          null,
          null,
          1,
          null,
          0,
          null,
          null,
          null,
          null,
          null,
          null,
          null,
          null,
          null,
          null,
          null,
          null,
          null,
          null,
          null,
          null,
          null,
          null,
          null,
          null,
          null,
          null,
          null,
          null,
          null,
          null,
          null,
          null,
          null,
          null,
          null,
          null,
          null,
          null,
          null,
          null,
          null,
          null,
          null,
          null,
          null,
          null,
          null,
          null
        ]
      },
      "/Users/kanokphanthananchai/Documents/Code/SOA/meal-decoder/meal-decoder-api/app/domain/values/types.rb": {
        "lines": [
          null,
          null,
          1,
          null,
          1,
          null,
          1,
          null,
          1,
          null,
          null
        ]
      },
      "/Users/kanokphanthananchai/Documents/Code/SOA/meal-decoder/meal-decoder-api/app/domain/entities/dish_ingredient.rb": {
        "lines": [
          null,
          null,
          null,
          1,
          1,
          null,
          null,
          1,
          1,
          null,
          null,
          1,
          1,
          1,
          1,
          1,
          null,
          null,
          null
        ]
      },
      "/Users/kanokphanthananchai/Documents/Code/SOA/meal-decoder/meal-decoder-api/app/domain/entities/ingredient.rb": {
        "lines": [
          null,
          null,
          1,
          1,
          null,
          null,
          1,
          1,
          null,
          null,
          null,
          1,
          1,
          null,
          1,
          1,
          1,
          null,
          null,
          null
        ]
      },
      "/Users/kanokphanthananchai/Documents/Code/SOA/meal-decoder/meal-decoder-api/app/domain/lib/nutrition_calculator.rb": {
        "lines": [
          null,
          null,
          null,
          1,
          null,
          1,
          1,
          null,
          1,
          null,
          1,
          null,
          null,
          null,
          null,
          null,
          null,
          null,
          null,
          null,
          null,
          null,
          null,
          null,
          null,
          null,
          null,
          null,
          null,
          1,
          0,
          null,
          0,
          0,
          null,
          0,
          null,
          null,
          0,
          null,
          null,
          null,
          null,
          1,
          0,
          0,
          0,
          null,
          0,
          null,
          null,
          null,
          null
        ]
      },
      "/Users/kanokphanthananchai/Documents/Code/SOA/meal-decoder/meal-decoder-api/app/domain/values/nutrition_stats.rb": {
        "lines": [
          null,
          null,
          null,
          1,
          1,
          null,
          1,
          1,
          null,
          null,
          1,
          1,
          null,
          1,
          1,
          1,
          null,
          1,
          0,
          null,
          null,
          1,
          0,
          0,
          0,
          0,
          null,
          null,
          null,
          null,
          null
        ]
      },
      "/Users/kanokphanthananchai/Documents/Code/SOA/meal-decoder/meal-decoder-api/app/domain/values/calorie_info.rb": {
        "lines": [
          null,
          null,
          null,
          1,
          1,
          null,
          1,
          1,
          null,
          null,
          1,
          1,
          1,
          null,
          1,
          0,
          null,
          null,
          null,
          null
        ]
      },
      "/Users/kanokphanthananchai/Documents/Code/SOA/meal-decoder/meal-decoder-api/app/infrastructure/database/orm/dish_orm.rb": {
        "lines": [
          null,
          null,
          1,
          1,
          null,
          1,
          1,
          1,
          null,
          1,
          6,
          6,
          6,
          6,
          null,
          6,
          null,
          null,
          null,
          1,
          null,
          null,
          null,
          null,
          1,
          4,
          null,
          null,
          null,
          null
        ]
      },
      "/Users/kanokphanthananchai/Documents/Code/SOA/meal-decoder/meal-decoder-api/app/infrastructure/database/orm/ingredient_orm.rb": {
        "lines": [
          null,
          null,
          1,
          null,
          1,
          1,
          null,
          1,
          null,
          1,
          null,
          null,
          null,
          null,
          null,
          1,
          null,
          null,
          1,
          22,
          null,
          null,
          null,
          null
        ]
      },
      "/Users/kanokphanthananchai/Documents/Code/SOA/meal-decoder/meal-decoder-api/app/infrastructure/database/repositories/dishes.rb": {
        "lines": [
          null,
          null,
          1,
          1,
          null,
          null,
          1,
          null,
          1,
          4,
          null,
          4,
          4,
          null,
          4,
          null,
          null,
          4,
          null,
          null,
          1,
          1,
          1,
          null,
          null,
          1,
          0,
          null,
          0,
          0,
          null,
          null,
          null,
          1,
          0,
          null,
          null,
          null,
          1,
          2,
          2,
          null,
          null,
          2,
          null,
          null,
          null,
          1,
          0,
          null,
          0,
          0,
          null,
          null,
          1,
          7,
          null,
          5,
          null,
          null,
          null,
          null,
          null,
          null,
          1,
          1,
          null,
          1,
          4,
          4,
          4,
          null,
          null,
          1,
          4,
          4,
          22,
          22,
          null,
          null,
          null,
          1,
          0,
          null,
          null,
          null,
          null,
          1,
          0,
          0,
          null,
          0,
          null,
          null,
          1,
          0,
          0,
          null,
          0,
          null,
          null,
          1,
          0,
          0,
          0,
          null,
          0,
          null,
          null,
          1,
          0,
          null,
          null,
          null,
          null,
          null
        ]
      },
      "/Users/kanokphanthananchai/Documents/Code/SOA/meal-decoder/meal-decoder-api/app/infrastructure/database/repositories/for.rb": {
        "lines": [
          null,
          null,
          1,
          1,
          1,
          null,
          1,
          1,
          null,
          1,
          null,
          1,
          null,
          null,
          null,
          null,
          1,
          4,
          null,
          null,
          1,
          3,
          null,
          null,
          null,
          null
        ]
      },
      "/Users/kanokphanthananchai/Documents/Code/SOA/meal-decoder/meal-decoder-api/app/infrastructure/database/repositories/ingredients.rb": {
        "lines": [
          null,
          null,
          1,
          null,
          1,
          1,
          null,
          1,
          1,
          0,
          null,
          null,
          1,
          0,
          null,
          null,
          1,
          0,
          null,
          0,
          null,
          0,
          null,
          null,
          1,
          0,
          null,
          0,
          null,
          null,
          null,
          null,
          null,
          null,
          1,
          0,
          0,
          null,
          0,
          0,
          null,
          null,
          null,
          null,
          null
        ]
      },
      "/Users/kanokphanthananchai/Documents/Code/SOA/meal-decoder/meal-decoder-api/app/infrastructure/meal_decoder/gateways/google_vision_api.rb": {
        "lines": [
          null,
          null,
          1,
          1,
          1,
          1,
          null,
          1,
          1,
          null,
          1,
          1,
          3,
          null,
          null,
          1,
          3,
          null,
          null,
          1,
          3,
          null,
          null,
          null,
          null,
          1,
          1,
          null,
          1,
          3,
          null,
          null,
          1,
          3,
          null,
          3,
          3,
          null,
          null,
          1,
          null,
          1,
          3,
          3,
          3,
          3,
          null,
          null,
          null,
          1,
          6,
          null,
          null,
          1,
          3,
          3,
          3,
          null,
          null,
          null,
          null,
          1,
          3,
          null,
          null,
          null,
          null,
          null,
          null,
          null,
          null,
          null,
          null,
          null,
          null,
          1,
          3,
          null,
          3,
          3,
          3,
          null,
          null,
          null,
          1,
          3,
          null,
          3,
          null,
          null,
          null,
          null
        ]
      },
      "/Users/kanokphanthananchai/Documents/Code/SOA/meal-decoder/meal-decoder-api/app/infrastructure/meal_decoder/gateways/openai_api.rb": {
        "lines": [
          null,
          null,
          1,
          1,
          null,
          1,
          1,
          null,
          1,
          1,
          1,
          null,
          null,
          null,
          null,
          null,
          null,
          null,
          1,
          null,
          null,
          null,
          null,
          1,
          null,
          null,
          1,
          10,
          10,
          null,
          null,
          null,
          1,
          10,
          10,
          8,
          7,
          null,
          null,
          null,
          1,
          2,
          2,
          null,
          null,
          null,
          1,
          null,
          1,
          8,
          null,
          null,
          null,
          null,
          8,
          null,
          0,
          null,
          null,
          1,
          0,
          0,
          null,
          0,
          null,
          0,
          null,
          null,
          null,
          1,
          null,
          8,
          null,
          null,
          null,
          null,
          null,
          1,
          null,
          null,
          8,
          null,
          null,
          null,
          null,
          null,
          null,
          null,
          null,
          null,
          1,
          10,
          10,
          8,
          null,
          null,
          null,
          1,
          10,
          null,
          0,
          null,
          null,
          1,
          10,
          null,
          2,
          null,
          null,
          1,
          2,
          0,
          1,
          1,
          null,
          null,
          null,
          1,
          8,
          null,
          null,
          null,
          1,
          81,
          null,
          null,
          null,
          null
        ]
      },
      "/Users/kanokphanthananchai/Documents/Code/SOA/meal-decoder/meal-decoder-api/app/infrastructure/meal_decoder/mappers/dish_mapper.rb": {
        "lines": [
          null,
          null,
          1,
          1,
          1,
          null,
          1,
          1,
          null,
          null,
          null,
          1,
          null,
          null,
          null,
          1,
          1,
          null,
          1,
          2,
          null,
          null,
          1,
          35,
          35,
          null,
          null,
          null,
          null,
          1,
          2,
          2,
          null,
          null,
          1,
          5,
          5,
          null,
          0,
          null,
          null,
          1,
          null,
          1,
          0,
          0,
          0,
          null,
          null,
          1,
          5,
          5,
          5,
          null,
          null,
          1,
          5,
          5,
          5,
          null,
          null,
          1,
          5,
          5,
          5,
          null,
          null,
          null,
          1,
          5,
          5,
          null,
          null,
          35,
          null,
          null,
          null,
          1,
          5,
          5,
          null,
          null,
          null,
          null,
          5,
          null,
          null,
          null,
          1,
          5,
          5,
          null,
          null,
          null,
          null
        ]
      },
      "/Users/kanokphanthananchai/Documents/Code/SOA/meal-decoder/meal-decoder-api/app/infrastructure/messaging/queue.rb": {
        "lines": [
          null,
          null,
          1,
          null,
          1,
          1,
          null,
          null,
          1,
          1,
          null,
          null,
          null,
          1,
          1,
          7,
          null,
          null,
          1,
          null,
          7,
          null,
          null,
          null,
          null,
          null,
          null,
          1,
          7,
          7,
          7,
          null,
          null,
          null,
          null,
          1,
          5,
          null,
          null,
          null,
          5,
          null,
          null,
          null,
          null,
          1,
          0,
          null,
          null,
          null,
          0,
          null,
          null,
          1,
          0,
          null,
          null,
          null,
          null,
          null,
          1,
          0,
          null,
          null,
          null,
          0,
          null,
          0,
          null,
          null,
          null,
          null
        ]
      },
      "/Users/kanokphanthananchai/Documents/Code/SOA/meal-decoder/meal-decoder-api/app/presentation/representers/dish_list_representer.rb": {
        "lines": [
          null,
          null,
          1,
          1,
          1,
          null,
          1,
          1,
          null,
          1,
          1,
          null,
          1,
          null,
          1,
          0,
          null,
          null,
          null,
          null
        ]
      },
      "/Users/kanokphanthananchai/Documents/Code/SOA/meal-decoder/meal-decoder-api/app/presentation/representers/dish_representer.rb": {
        "lines": [
          null,
          null,
          1,
          1,
          null,
          1,
          1,
          null,
          1,
          1,
          null,
          1,
          1,
          1,
          1,
          1,
          null,
          null,
          null
        ]
      },
      "/Users/kanokphanthananchai/Documents/Code/SOA/meal-decoder/meal-decoder-api/app/presentation/representers/error_representer.rb": {
        "lines": [
          null,
          null,
          1,
          1,
          null,
          1,
          1,
          null,
          1,
          1,
          null,
          1,
          1,
          null,
          null,
          null
        ]
      },
      "/Users/kanokphanthananchai/Documents/Code/SOA/meal-decoder/meal-decoder-api/app/presentation/representers/http_response_representer.rb": {
        "lines": [
          null,
          null,
          1,
          1,
          null,
          1,
          1,
          null,
          1,
          1,
          null,
          1,
          1,
          1,
          null,
          1,
          null,
          null,
          null,
          null,
          null,
          null,
          null,
          1,
          0,
          null,
          null,
          null,
          null
        ]
      },
      "/Users/kanokphanthananchai/Documents/Code/SOA/meal-decoder/meal-decoder-api/app/presentation/representers/ingredient_representer.rb": {
        "lines": [
          null,
          null,
          1,
          1,
          null,
          1,
          1,
          null,
          1,
          1,
          null,
          1,
          1,
          null,
          null,
          null
        ]
      },
      "/Users/kanokphanthananchai/Documents/Code/SOA/meal-decoder/meal-decoder-api/app/presentation/representers/menu_text_representer.rb": {
        "lines": [
          null,
          null,
          1,
          1,
          null,
          1,
          1,
          null,
          1,
          1,
          null,
          1,
          1,
          1,
          null,
          null,
          null
        ]
      },
      "/Users/kanokphanthananchai/Documents/Code/SOA/meal-decoder/meal-decoder-api/app/presentation/representers/openstruct_with_links.rb": {
        "lines": [
          null,
          null,
          1,
          1,
          null,
          1,
          1,
          0,
          0,
          null,
          null,
          1,
          null,
          1,
          null,
          1,
          null,
          null,
          null
        ]
      },
      "/Users/kanokphanthananchai/Documents/Code/SOA/meal-decoder/meal-decoder-api/app/presentation/responses/api_response.rb": {
        "lines": [
          null,
          null,
          1,
          1,
          null,
          1,
          1,
          null,
          1,
          0,
          0,
          0,
          null,
          null,
          1,
          0,
          null,
          null,
          null,
          null
        ]
      },
      "/Users/kanokphanthananchai/Documents/Code/SOA/meal-decoder/meal-decoder-api/app/presentation/responses/api_result.rb": {
        "lines": [
          null,
          null,
          1,
          1,
          null,
          1,
          1,
          null,
          1,
          5,
          5,
          5,
          null,
          null,
          1,
          0,
          null,
          null,
          null,
          null
        ]
      },
      "/Users/kanokphanthananchai/Documents/Code/SOA/meal-decoder/meal-decoder-api/app/presentation/responses/dish_details.rb": {
        "lines": [
          null,
          null,
          1,
          1,
          null,
          1,
          1,
          0,
          null,
          null,
          1,
          0,
          null,
          null,
          1,
          0,
          null,
          0,
          null,
          null,
          1,
          0,
          null,
          0,
          null,
          null,
          null,
          null
        ]
      },
      "/Users/kanokphanthananchai/Documents/Code/SOA/meal-decoder/meal-decoder-api/app/presentation/responses/dish_list.rb": {
        "lines": [
          null,
          null,
          1,
          1,
          null,
          1,
          1,
          0,
          null,
          null,
          1,
          0,
          null,
          null,
          1,
          0,
          null,
          0,
          null,
          null,
          1,
          0,
          null,
          0,
          null,
          null,
          null,
          null
        ]
      },
      "/Users/kanokphanthananchai/Documents/Code/SOA/meal-decoder/meal-decoder-api/app/presentation/responses/menu_text.rb": {
        "lines": [
          null,
          null,
          1,
          1,
          null,
          1,
          1,
          0,
          null,
          null,
          1,
          0,
          null,
          null,
          1,
          0,
          null,
          0,
          null,
          null,
          1,
          0,
          null,
          0,
          null,
          null,
          null,
          null
        ]
      },
      "/Users/kanokphanthananchai/Documents/Code/SOA/meal-decoder/meal-decoder-api/app/application/controllers/app.rb": {
        "lines": [
          null,
          null,
          1,
          null,
          1,
          1,
          1,
          1,
          1,
          1,
          1,
          1,
          1,
          null,
          null,
          null,
          null,
          1,
          null,
          null,
          1,
          1,
          1,
          null,
          null,
          null,
          null,
          1,
          1,
          0,
          null,
          null,
          1,
          0,
          0,
          null,
          null,
          1,
          0,
          0,
          null,
          null,
          null,
          1,
          1,
          0,
          null,
          null,
          1,
          0,
          null,
          null,
          null,
          null,
          1,
          1,
          null,
          1,
          0,
          0,
          null,
          0,
          null,
          null,
          1,
          0,
          null,
          null,
          1,
          0,
          null,
          null,
          null,
          null,
          1,
          1,
          0,
          null,
          null,
          1,
          0,
          null,
          null,
          null,
          null,
          1,
          0,
          0,
          null,
          null,
          1,
          1,
          1,
          null,
          null,
          1,
          0,
          null,
          null,
          1,
          1,
          0,
          null,
          1,
          null,
          null,
          null,
          1,
          0,
          null,
          null,
          1,
          1,
          null,
          null,
          null,
          1,
          0,
          0,
          0,
          null,
          null,
          1,
          9,
          null,
          9,
          0,
          0,
          null,
          null,
          9,
          9,
          9,
          null,
          7,
          1,
          1,
          1,
          1,
          null,
          null,
          null,
          6,
          null,
          1,
          0,
          0,
          0,
          0,
          0,
          null,
          null,
          null,
          1,
          1,
          1,
          null,
          1,
          0,
          0,
          null,
          null,
          null,
          1,
          null,
          null,
          null,
          null,
          null,
          5,
          5,
          5,
          null,
          null,
          null,
          null,
          5,
          4,
          null,
          4,
          null,
          4,
          null,
          null,
          null,
          null,
          1,
          1,
          null,
          null,
          null,
          null,
          0,
          0,
          null,
          null,
          null,
          null,
          0,
          null,
          0,
          null,
          null,
          null,
          null,
          0,
          0,
          null,
          null,
          null,
          null,
          2,
          2,
          null,
          2,
          1,
          null,
          null,
          null,
          null,
          null,
          1,
          null,
          null,
          null,
          null,
          null,
          2,
          2,
          null,
          null,
          null,
          null,
          null,
          1,
          null,
          1,
          5,
          null,
          0,
          0,
          null,
          null,
          null
        ]
      },
      "/Users/kanokphanthananchai/Documents/Code/SOA/meal-decoder/meal-decoder-api/app/application/requests/dish.rb": {
        "lines": [
          null,
          null,
          1,
          null,
          1,
          1,
          null,
          1,
          null,
          1,
          1,
          null,
          null,
          1,
          null,
          6,
          null,
          null,
          6,
          null,
          null,
          6,
          null,
          null,
          null,
          null
        ]
      },
      "/Users/kanokphanthananchai/Documents/Code/SOA/meal-decoder/meal-decoder-api/app/application/requests/image.rb": {
        "lines": [
          null,
          null,
          1,
          null,
          1,
          1,
          null,
          1,
          null,
          1,
          1,
          1,
          1,
          1,
          null,
          null,
          null,
          1,
          3,
          3,
          null,
          null,
          3,
          null,
          null,
          3,
          null,
          null,
          3,
          null,
          null,
          null,
          null,
          null
        ]
      },
      "/Users/kanokphanthananchai/Documents/Code/SOA/meal-decoder/meal-decoder-api/app/application/services/api_factory.rb": {
        "lines": [
          null,
          null,
          1,
          1,
          null,
          1,
          1,
          0,
          0,
          null,
          null,
          1,
          0,
          0,
          null,
          null,
          null,
          null
        ]
      },
      "/Users/kanokphanthananchai/Documents/Code/SOA/meal-decoder/meal-decoder-api/app/application/services/create_dish.rb": {
        "lines": [
          null,
          null,
          1,
          null,
          1,
          1,
          null,
          1,
          1,
          7,
          null,
          null,
          null,
          null,
          1,
          1,
          null,
          null,
          1,
          1,
          null,
          null,
          1,
          8,
          8,
          null,
          null,
          1,
          8,
          6,
          null,
          null,
          1,
          null,
          1,
          8,
          8,
          6,
          null,
          2,
          null,
          null,
          null,
          1,
          6,
          5,
          null,
          1,
          null,
          null,
          1,
          6,
          null,
          null,
          null,
          null,
          null,
          1,
          5,
          null,
          null,
          null,
          null,
          null,
          null,
          null,
          null,
          null,
          null,
          null,
          null,
          null
        ]
      },
      "/Users/kanokphanthananchai/Documents/Code/SOA/meal-decoder/meal-decoder-api/app/application/services/detect_menu_text.rb": {
        "lines": [
          null,
          null,
          1,
          null,
          1,
          1,
          null,
          1,
          1,
          null,
          1,
          4,
          null,
          null,
          1,
          4,
          2,
          null,
          null,
          1,
          null,
          1,
          4,
          3,
          null,
          null,
          1,
          4,
          null,
          3,
          null,
          null,
          1,
          3,
          3,
          2,
          null,
          1,
          null,
          null,
          null,
          1,
          2,
          2,
          null,
          0,
          null,
          null,
          1,
          2,
          null,
          null,
          null,
          null
        ]
      },
      "/Users/kanokphanthananchai/Documents/Code/SOA/meal-decoder/meal-decoder-api/app/application/services/dish_result.rb": {
        "lines": [
          null,
          null,
          1,
          1,
          null,
          1,
          1,
          0,
          0,
          null,
          null,
          1,
          0,
          null,
          null,
          1,
          0,
          null,
          0,
          null,
          null,
          1,
          0,
          null,
          null,
          1,
          0,
          null,
          null,
          1,
          0,
          null,
          0,
          0,
          null,
          null,
          1,
          0,
          null,
          null,
          null,
          null
        ]
      },
      "/Users/kanokphanthananchai/Documents/Code/SOA/meal-decoder/meal-decoder-api/app/application/services/fetch_dish.rb": {
        "lines": [
          null,
          null,
          1,
          null,
          1,
          1,
          null,
          1,
          1,
          null,
          1,
          2,
          2,
          1,
          null,
          1,
          null,
          null,
          0,
          null,
          null,
          null,
          null,
          1,
          1,
          null,
          1,
          1,
          null,
          null,
          1,
          1,
          1,
          0,
          null,
          1,
          null,
          null,
          0,
          null,
          null,
          null,
          null,
          1,
          null,
          1,
          null,
          null,
          1,
          1,
          4,
          null,
          null,
          1,
          3,
          null,
          null,
          null,
          null,
          1,
          1,
          1,
          null,
          null,
          1,
          0,
          null,
          null,
          null,
          null,
          1,
          5,
          null,
          1,
          1,
          1,
          1,
          null,
          null,
          null,
          1,
          3,
          null,
          3,
          null,
          null,
          null,
          null,
          null
        ]
      },
      "/Users/kanokphanthananchai/Documents/Code/SOA/meal-decoder/meal-decoder-api/app/application/services/remove_dish.rb": {
        "lines": [
          null,
          null,
          1,
          1,
          null,
          1,
          1,
          null,
          1,
          0,
          null,
          null,
          1,
          0,
          0,
          null,
          null,
          null,
          1,
          null,
          1,
          0,
          0,
          null,
          0,
          0,
          null,
          0,
          null,
          null,
          null,
          1,
          0,
          0,
          null,
          null,
          null,
          null
        ]
      },
      "/Users/kanokphanthananchai/Documents/Code/SOA/meal-decoder/meal-decoder-api/app/application/services/result_handler.rb": {
        "lines": [
          null,
          null,
          1,
          1,
          null,
          1,
          1,
          0,
          null,
          null,
          1,
          0,
          null,
          null,
          null,
          null,
          null,
          null
        ]
      },
      "/Users/kanokphanthananchai/Documents/Code/SOA/meal-decoder/meal-decoder-api/app/application/services/session_manager.rb": {
        "lines": [
          null,
          null,
          1,
          1,
          null,
          1,
          1,
          null,
          1,
          0,
          0,
          0,
          0,
          null,
          null,
          1,
          1,
          null,
          null,
          null,
          null
        ]
      },
      "/Users/kanokphanthananchai/Documents/Code/SOA/meal-decoder/meal-decoder-api/spec/tests/integration/layers/gateway_database_spec.rb": {
        "lines": [
          null,
          null,
          1,
          1,
          null,
          null,
          null,
          1,
          1,
          1,
          null,
          1,
          3,
          null,
          null,
          null,
          3,
          3,
          null,
          null,
          1,
          1,
          1,
          null,
          1,
          1,
          null,
          null,
          null,
          null,
          1,
          null,
          null,
          1,
          1,
          1,
          null,
          null,
          1,
          7,
          null,
          null,
          null,
          null,
          1,
          1,
          null,
          1,
          1,
          1,
          null,
          1,
          null,
          null,
          null,
          null,
          1,
          1,
          null,
          null,
          null,
          null,
          1,
          1,
          null,
          null,
          1,
          1,
          2,
          null,
          1,
          null,
          null,
          1,
          null,
          null,
          null,
          null,
          1,
          null,
          1,
          null,
          null,
          1,
          1,
          null,
          null,
          null,
          null,
          null,
          1,
          null,
          1,
          1,
          null,
          null,
          null,
          null,
          null,
          1,
          1,
          null,
          null,
          null,
          null,
          null,
          null,
          null
        ]
      },
      "/Users/kanokphanthananchai/Documents/Code/SOA/meal-decoder/meal-decoder-api/spec/tests/integration/layers/gateway_google_vision_spec.rb": {
        "lines": [
          null,
          null,
          1,
          1,
          null,
          null,
          null,
          1,
          1,
          1,
          null,
          1,
          1,
          null,
          null,
          null,
          1,
          1,
          1,
          null,
          null,
          1,
          1,
          1,
          1,
          1,
          null,
          1,
          null,
          1,
          1,
          1,
          null,
          null,
          1,
          null,
          null,
          null,
          null,
          null
        ]
      },
      "/Users/kanokphanthananchai/Documents/Code/SOA/meal-decoder/meal-decoder-api/spec/tests/integration/layers/gateway_openai_spec.rb": {
        "lines": [
          null,
          null,
          1,
          1,
          1,
          null,
          1,
          1,
          1,
          null,
          1,
          5,
          null,
          null,
          null,
          5,
          5,
          null,
          null,
          1,
          5,
          null,
          null,
          1,
          1,
          1,
          1,
          1,
          null,
          1,
          1,
          1,
          1,
          1,
          null,
          null,
          null,
          1,
          1,
          1,
          1,
          null,
          1,
          1,
          1,
          1,
          null,
          null,
          null,
          null,
          1,
          1,
          1,
          null,
          1,
          null,
          null,
          null,
          null,
          null,
          null,
          1,
          null,
          null,
          null,
          null,
          1,
          1,
          null,
          null,
          null,
          null,
          1,
          1,
          1,
          null,
          1,
          1,
          null,
          null,
          1,
          null,
          null,
          null,
          1,
          1,
          null,
          1,
          null,
          null,
          null,
          null,
          1,
          null,
          null,
          null,
          null,
          1,
          1,
          null,
          null,
          1,
          null,
          null,
          null,
          null
        ]
      },
      "/Users/kanokphanthananchai/Documents/Code/SOA/meal-decoder/meal-decoder-api/spec/helpers/spec_helper.rb": {
        "lines": [
          null,
          null,
          1,
          1,
          null,
          null,
          null,
          null,
          1,
          null,
          1,
          null,
          null,
          1,
          0,
          null,
          null,
          null,
          1,
          0,
          null,
          null,
          null,
          1,
          0,
          null,
          null
        ]
      },
      "/Users/kanokphanthananchai/Documents/Code/SOA/meal-decoder/meal-decoder-api/spec/tests/integration/services/create_dish_spec.rb": {
        "lines": [
          null,
          null,
          1,
          1,
          null,
          null,
          null,
          1,
          1,
          1,
          null,
          1,
          3,
          3,
          null,
          null,
          null,
          null,
          null,
          null,
          null,
          3,
          null,
          null,
          1,
          1,
          1,
          null,
          null,
          null,
          null,
          1,
          1,
          1,
          1,
          1,
          null,
          null,
          null,
          1,
          1,
          1,
          null,
          null,
          null,
          null,
          1,
          1,
          1,
          null,
          null,
          null,
          1,
          null,
          1,
          1,
          1,
          null,
          null,
          1,
          null,
          1,
          null,
          null,
          null,
          null,
          1,
          1,
          null,
          null,
          null
        ]
      },
      "/Users/kanokphanthananchai/Documents/Code/SOA/meal-decoder/meal-decoder-api/spec/tests/integration/services/detect_menu_text_spec.rb": {
        "lines": [
          null,
          null,
          1,
          1,
          null,
          1,
          1,
          null,
          1,
          2,
          null,
          null,
          null,
          2,
          null,
          null,
          2,
          null,
          2,
          null,
          null,
          null,
          null,
          null,
          1,
          2,
          null,
          null,
          1,
          1,
          null,
          null,
          1,
          null,
          1,
          1,
          null,
          null,
          null,
          1,
          1,
          null,
          1,
          1,
          null,
          null
        ]
      },
      "/Users/kanokphanthananchai/Documents/Code/SOA/meal-decoder/meal-decoder-api/spec/tests/integration/services/fetch_dish_spec.rb": {
        "lines": [
          null,
          null,
          1,
          1,
          null,
          1,
          1,
          2,
          2,
          2,
          2,
          null,
          null,
          null,
          null,
          null,
          null,
          1,
          null,
          1,
          null,
          null,
          1,
          null,
          1,
          1,
          1,
          null,
          null,
          1,
          1,
          null,
          1,
          1,
          null,
          null
        ]
      },
      "/Users/kanokphanthananchai/Documents/Code/SOA/meal-decoder/meal-decoder-api/spec/tests/unit/forms/image_file_upload_spec.rb": {
        "lines": [
          null,
          null,
          1,
          1,
          null,
          null,
          null,
          1,
          1,
          1,
          4,
          4,
          null,
          null,
          1,
          4,
          4,
          null,
          null,
          1,
          null,
          1,
          null,
          null,
          null,
          null,
          null,
          null,
          1,
          1,
          1,
          null,
          null,
          1,
          null,
          1,
          null,
          null,
          null,
          null,
          null,
          null,
          1,
          1,
          1,
          null,
          null,
          1,
          null,
          1,
          null,
          null,
          null,
          null,
          null,
          null,
          1,
          1,
          1,
          null,
          null,
          1,
          1,
          1,
          1,
          null,
          null,
          null
        ]
      }
    },
    "timestamp": 1733670512
  }
}
